# JRE version: Java(TM) SE Runtime Environment (8.0_121-b13) (build 1.8.0_121-b13)
# Java VM: Java HotSpot(TM) 64-Bit Server VM (25.121-b13 mixed mode windows-amd64 compressed oops)
Heap:
 PSYoungGen      total 76288K, used 17407K [0x000000076b400000, 0x0000000773580000, 0x00000007c0000000)
  eden space 65536K, 12% used [0x000000076b400000,0x000000076bc33850,0x000000076f400000)
  from space 10752K, 83% used [0x000000076f400000,0x000000076fccc500,0x000000076fe80000)
  to   space 10752K, 0% used [0x0000000772b00000,0x0000000772b00000,0x0000000773580000)
 ParOldGen       total 94208K, used 8689K [0x00000006c1c00000, 0x00000006c7800000, 0x000000076b400000)
  object space 94208K, 9% used [0x00000006c1c00000,0x00000006c247c730,0x00000006c7800000)
 Metaspace       used 30776K, capacity 31404K, committed 31744K, reserved 1077248K
  class space    used 4166K, capacity 4342K, committed 4352K, reserved 1048576K
GC Heap History (8 events):
Event: 1.994 GC heap before
{Heap before GC invocations=1 (full 0):
 PSYoungGen      total 76288K, used 65536K [0x000000076b400000, 0x0000000770900000, 0x00000007c0000000)
  eden space 65536K, 100% used [0x000000076b400000,0x000000076f400000,0x000000076f400000)
  from space 10752K, 0% used [0x000000076fe80000,0x000000076fe80000,0x0000000770900000)
  to   space 10752K, 0% used [0x000000076f400000,0x000000076f400000,0x000000076fe80000)
 ParOldGen       total 175104K, used 0K [0x00000006c1c00000, 0x00000006cc700000, 0x000000076b400000)
  object space 175104K, 0% used [0x00000006c1c00000,0x00000006c1c00000,0x00000006cc700000)
 Metaspace       used 19408K, capacity 19938K, committed 20096K, reserved 1067008K
  class space    used 2727K, capacity 2867K, committed 2944K, reserved 1048576K
Event: 2.003 GC heap after
Heap after GC invocations=1 (full 0):
 PSYoungGen      total 76288K, used 10728K [0x000000076b400000, 0x0000000770900000, 0x00000007c0000000)
  eden space 65536K, 0% used [0x000000076b400000,0x000000076b400000,0x000000076f400000)
  from space 10752K, 99% used [0x000000076f400000,0x000000076fe7a198,0x000000076fe80000)
  to   space 10752K, 0% used [0x000000076fe80000,0x000000076fe80000,0x0000000770900000)
 ParOldGen       total 175104K, used 3156K [0x00000006c1c00000, 0x00000006cc700000, 0x000000076b400000)
  object space 175104K, 1% used [0x00000006c1c00000,0x00000006c1f150a8,0x00000006cc700000)
 Metaspace       used 19408K, capacity 19938K, committed 20096K, reserved 1067008K
  class space    used 2727K, capacity 2867K, committed 2944K, reserved 1048576K
}
Event: 2.082 GC heap before
{Heap before GC invocations=2 (full 0):
 PSYoungGen      total 76288K, used 17707K [0x000000076b400000, 0x0000000770900000, 0x00000007c0000000)
  eden space 65536K, 10% used [0x000000076b400000,0x000000076bad0b68,0x000000076f400000)
  from space 10752K, 99% used [0x000000076f400000,0x000000076fe7a198,0x000000076fe80000)
  to   space 10752K, 0% used [0x000000076fe80000,0x000000076fe80000,0x0000000770900000)
 ParOldGen       total 175104K, used 3156K [0x00000006c1c00000, 0x00000006cc700000, 0x000000076b400000)
  object space 175104K, 1% used [0x00000006c1c00000,0x00000006c1f150a8,0x00000006cc700000)
 Metaspace       used 20655K, capacity 21186K, committed 21248K, reserved 1067008K
  class space    used 2877K, capacity 3027K, committed 3072K, reserved 1048576K
Event: 2.088 GC heap after
Heap after GC invocations=2 (full 0):
 PSYoungGen      total 76288K, used 10731K [0x000000076b400000, 0x0000000770900000, 0x00000007c0000000)
  eden space 65536K, 0% used [0x000000076b400000,0x000000076b400000,0x000000076f400000)
  from space 10752K, 99% used [0x000000076fe80000,0x00000007708fac28,0x0000000770900000)
  to   space 10752K, 0% used [0x000000076f400000,0x000000076f400000,0x000000076fe80000)
 ParOldGen       total 175104K, used 3295K [0x00000006c1c00000, 0x00000006cc700000, 0x000000076b400000)
  object space 175104K, 1% used [0x00000006c1c00000,0x00000006c1f37e50,0x00000006cc700000)
 Metaspace       used 20655K, capacity 21186K, committed 21248K, reserved 1067008K
  class space    used 2877K, capacity 3027K, committed 3072K, reserved 1048576K
}
Event: 2.088 GC heap before
{Heap before GC invocations=3 (full 1):
 PSYoungGen      total 76288K, used 10731K [0x000000076b400000, 0x0000000770900000, 0x00000007c0000000)
  eden space 65536K, 0% used [0x000000076b400000,0x000000076b400000,0x000000076f400000)
  from space 10752K, 99% used [0x000000076fe80000,0x00000007708fac28,0x0000000770900000)
  to   space 10752K, 0% used [0x000000076f400000,0x000000076f400000,0x000000076fe80000)
 ParOldGen       total 175104K, used 3295K [0x00000006c1c00000, 0x00000006cc700000, 0x000000076b400000)
  object space 175104K, 1% used [0x00000006c1c00000,0x00000006c1f37e50,0x00000006cc700000)
 Metaspace       used 20655K, capacity 21186K, committed 21248K, reserved 1067008K
  class space    used 2877K, capacity 3027K, committed 3072K, reserved 1048576K
Event: 2.113 GC heap after
Heap after GC invocations=3 (full 1):
 PSYoungGen      total 76288K, used 0K [0x000000076b400000, 0x0000000770900000, 0x00000007c0000000)
  eden space 65536K, 0% used [0x000000076b400000,0x000000076b400000,0x000000076f400000)
  from space 10752K, 0% used [0x000000076fe80000,0x000000076fe80000,0x0000000770900000)
  to   space 10752K, 0% used [0x000000076f400000,0x000000076f400000,0x000000076fe80000)
 ParOldGen       total 94208K, used 8681K [0x00000006c1c00000, 0x00000006c7800000, 0x000000076b400000)
  object space 94208K, 9% used [0x00000006c1c00000,0x00000006c247a730,0x00000006c7800000)
 Metaspace       used 20655K, capacity 21186K, committed 21248K, reserved 1067008K
  class space    used 2877K, capacity 3027K, committed 3072K, reserved 1048576K
}
Event: 6.110 GC heap before
{Heap before GC invocations=4 (full 1):
 PSYoungGen      total 76288K, used 65536K [0x000000076b400000, 0x0000000770900000, 0x00000007c0000000)
  eden space 65536K, 100% used [0x000000076b400000,0x000000076f400000,0x000000076f400000)
  from space 10752K, 0% used [0x000000076fe80000,0x000000076fe80000,0x0000000770900000)
  to   space 10752K, 0% used [0x000000076f400000,0x000000076f400000,0x000000076fe80000)
 ParOldGen       total 94208K, used 8681K [0x00000006c1c00000, 0x00000006c7800000, 0x000000076b400000)
  object space 94208K, 9% used [0x00000006c1c00000,0x00000006c247a730,0x00000006c7800000)
 Metaspace       used 29616K, capacity 30324K, committed 30592K, reserved 1075200K
  class space    used 4024K, capacity 4178K, committed 4224K, reserved 1048576K
Event: 6.123 GC heap after
Heap after GC invocations=4 (full 1):
 PSYoungGen      total 76288K, used 9009K [0x000000076b400000, 0x0000000773580000, 0x00000007c0000000)
  eden space 65536K, 0% used [0x000000076b400000,0x000000076b400000,0x000000076f400000)
  from space 10752K, 83% used [0x000000076f400000,0x000000076fccc500,0x000000076fe80000)
  to   space 10752K, 0% used [0x0000000772b00000,0x0000000772b00000,0x0000000773580000)
 ParOldGen       total 94208K, used 8689K [0x00000006c1c00000, 0x00000006c7800000, 0x000000076b400000)
  object space 94208K, 9% used [0x00000006c1c00000,0x00000006c247c730,0x00000006c7800000)
 Metaspace       used 29616K, capacity 30324K, committed 30592K, reserved 1075200K
  class space    used 4024K, capacity 4178K, committed 4224K, reserved 1048576K
}

