# JRE version: Java(TM) SE Runtime Environment (8.0_121-b13) (build 1.8.0_121-b13)
# Java VM: Java HotSpot(TM) 64-Bit Server VM (25.121-b13 mixed mode windows-amd64 compressed oops)
Heap:
 PSYoungGen      total 224256K, used 60766K [0x000000076b400000, 0x0000000783f00000, 0x00000007c0000000)
  eden space 208896K, 26% used [0x000000076b400000,0x000000076e91f920,0x0000000778000000)
  from space 15360K, 41% used [0x0000000778000000,0x0000000778638000,0x0000000778f00000)
  to   space 14848K, 0% used [0x0000000783080000,0x0000000783080000,0x0000000783f00000)
 ParOldGen       total 106496K, used 15728K [0x00000006c1c00000, 0x00000006c8400000, 0x000000076b400000)
  object space 106496K, 14% used [0x00000006c1c00000,0x00000006c2b5c238,0x00000006c8400000)
 Metaspace       used 40830K, capacity 42316K, committed 42624K, reserved 1085440K
  class space    used 5424K, capacity 5697K, committed 5760K, reserved 1048576K
GC Heap History (10 events):
Event: 18.763 GC heap before
{Heap before GC invocations=5 (full 1):
 PSYoungGen      total 76288K, used 42978K [0x000000076b400000, 0x0000000773e80000, 0x00000007c0000000)
  eden space 65536K, 52% used [0x000000076b400000,0x000000076d558068,0x000000076f400000)
  from space 10752K, 82% used [0x000000076f400000,0x000000076fca0b90,0x000000076fe80000)
  to   space 10752K, 0% used [0x0000000773400000,0x0000000773400000,0x0000000773e80000)
 ParOldGen       total 86528K, used 8653K [0x00000006c1c00000, 0x00000006c7080000, 0x000000076b400000)
  object space 86528K, 10% used [0x00000006c1c00000,0x00000006c24735c0,0x00000006c7080000)
 Metaspace       used 34535K, capacity 35242K, committed 35416K, reserved 1079296K
  class space    used 4692K, capacity 4863K, committed 4864K, reserved 1048576K
Event: 18.770 GC heap after
Heap after GC invocations=5 (full 1):
 PSYoungGen      total 125952K, used 8180K [0x000000076b400000, 0x0000000773c00000, 0x00000007c0000000)
  eden space 117760K, 0% used [0x000000076b400000,0x000000076b400000,0x0000000772700000)
  from space 8192K, 99% used [0x0000000773400000,0x0000000773bfd358,0x0000000773c00000)
  to   space 10752K, 0% used [0x0000000772700000,0x0000000772700000,0x0000000773180000)
 ParOldGen       total 86528K, used 8661K [0x00000006c1c00000, 0x00000006c7080000, 0x000000076b400000)
  object space 86528K, 10% used [0x00000006c1c00000,0x00000006c24755c0,0x00000006c7080000)
 Metaspace       used 34535K, capacity 35242K, committed 35416K, reserved 1079296K
  class space    used 4692K, capacity 4863K, committed 4864K, reserved 1048576K
}
Event: 18.770 GC heap before
{Heap before GC invocations=6 (full 2):
 PSYoungGen      total 125952K, used 8180K [0x000000076b400000, 0x0000000773c00000, 0x00000007c0000000)
  eden space 117760K, 0% used [0x000000076b400000,0x000000076b400000,0x0000000772700000)
  from space 8192K, 99% used [0x0000000773400000,0x0000000773bfd358,0x0000000773c00000)
  to   space 10752K, 0% used [0x0000000772700000,0x0000000772700000,0x0000000773180000)
 ParOldGen       total 86528K, used 8661K [0x00000006c1c00000, 0x00000006c7080000, 0x000000076b400000)
  object space 86528K, 10% used [0x00000006c1c00000,0x00000006c24755c0,0x00000006c7080000)
 Metaspace       used 34535K, capacity 35242K, committed 35416K, reserved 1079296K
  class space    used 4692K, capacity 4863K, committed 4864K, reserved 1048576K
Event: 18.820 GC heap after
Heap after GC invocations=6 (full 2):
 PSYoungGen      total 125952K, used 0K [0x000000076b400000, 0x0000000773c00000, 0x00000007c0000000)
  eden space 117760K, 0% used [0x000000076b400000,0x000000076b400000,0x0000000772700000)
  from space 8192K, 0% used [0x0000000773400000,0x0000000773400000,0x0000000773c00000)
  to   space 10752K, 0% used [0x0000000772700000,0x0000000772700000,0x0000000773180000)
 ParOldGen       total 106496K, used 15704K [0x00000006c1c00000, 0x00000006c8400000, 0x000000076b400000)
  object space 106496K, 14% used [0x00000006c1c00000,0x00000006c2b56238,0x00000006c8400000)
 Metaspace       used 34535K, capacity 35242K, committed 35416K, reserved 1079296K
  class space    used 4692K, capacity 4863K, committed 4864K, reserved 1048576K
}
Event: 1223.475 GC heap before
{Heap before GC invocations=7 (full 2):
 PSYoungGen      total 125952K, used 117760K [0x000000076b400000, 0x0000000773c00000, 0x00000007c0000000)
  eden space 117760K, 100% used [0x000000076b400000,0x0000000772700000,0x0000000772700000)
  from space 8192K, 0% used [0x0000000773400000,0x0000000773400000,0x0000000773c00000)
  to   space 10752K, 0% used [0x0000000772700000,0x0000000772700000,0x0000000773180000)
 ParOldGen       total 106496K, used 15704K [0x00000006c1c00000, 0x00000006c8400000, 0x000000076b400000)
  object space 106496K, 14% used [0x00000006c1c00000,0x00000006c2b56238,0x00000006c8400000)
 Metaspace       used 40828K, capacity 42316K, committed 42624K, reserved 1085440K
  class space    used 5424K, capacity 5697K, committed 5760K, reserved 1048576K
Event: 1223.486 GC heap after
Heap after GC invocations=7 (full 2):
 PSYoungGen      total 128512K, used 8043K [0x000000076b400000, 0x0000000779d80000, 0x00000007c0000000)
  eden space 117760K, 0% used [0x000000076b400000,0x000000076b400000,0x0000000772700000)
  from space 10752K, 74% used [0x0000000772700000,0x0000000772edadb8,0x0000000773180000)
  to   space 14848K, 0% used [0x0000000778f00000,0x0000000778f00000,0x0000000779d80000)
 ParOldGen       total 106496K, used 15712K [0x00000006c1c00000, 0x00000006c8400000, 0x000000076b400000)
  object space 106496K, 14% used [0x00000006c1c00000,0x00000006c2b58238,0x00000006c8400000)
 Metaspace       used 40828K, capacity 42316K, committed 42624K, reserved 1085440K
  class space    used 5424K, capacity 5697K, committed 5760K, reserved 1048576K
}
Event: 1223.809 GC heap before
{Heap before GC invocations=8 (full 2):
 PSYoungGen      total 128512K, used 125803K [0x000000076b400000, 0x0000000779d80000, 0x00000007c0000000)
  eden space 117760K, 100% used [0x000000076b400000,0x0000000772700000,0x0000000772700000)
  from space 10752K, 74% used [0x0000000772700000,0x0000000772edadb8,0x0000000773180000)
  to   space 14848K, 0% used [0x0000000778f00000,0x0000000778f00000,0x0000000779d80000)
 ParOldGen       total 106496K, used 15712K [0x00000006c1c00000, 0x00000006c8400000, 0x000000076b400000)
  object space 106496K, 14% used [0x00000006c1c00000,0x00000006c2b58238,0x00000006c8400000)
 Metaspace       used 40830K, capacity 42316K, committed 42624K, reserved 1085440K
  class space    used 5424K, capacity 5697K, committed 5760K, reserved 1048576K
Event: 1223.816 GC heap after
Heap after GC invocations=8 (full 2):
 PSYoungGen      total 223744K, used 6388K [0x000000076b400000, 0x000000077a080000, 0x00000007c0000000)
  eden space 208896K, 0% used [0x000000076b400000,0x000000076b400000,0x0000000778000000)
  from space 14848K, 43% used [0x0000000778f00000,0x000000077953d010,0x0000000779d80000)
  to   space 15360K, 0% used [0x0000000778000000,0x0000000778000000,0x0000000778f00000)
 ParOldGen       total 106496K, used 15720K [0x00000006c1c00000, 0x00000006c8400000, 0x000000076b400000)
  object space 106496K, 14% used [0x00000006c1c00000,0x00000006c2b5a238,0x00000006c8400000)
 Metaspace       used 40830K, capacity 42316K, committed 42624K, reserved 1085440K
  class space    used 5424K, capacity 5697K, committed 5760K, reserved 1048576K
}
Event: 1224.298 GC heap before
{Heap before GC invocations=9 (full 2):
 PSYoungGen      total 223744K, used 215284K [0x000000076b400000, 0x000000077a080000, 0x00000007c0000000)
  eden space 208896K, 100% used [0x000000076b400000,0x0000000778000000,0x0000000778000000)
  from space 14848K, 43% used [0x0000000778f00000,0x000000077953d010,0x0000000779d80000)
  to   space 15360K, 0% used [0x0000000778000000,0x0000000778000000,0x0000000778f00000)
 ParOldGen       total 106496K, used 15720K [0x00000006c1c00000, 0x00000006c8400000, 0x000000076b400000)
  object space 106496K, 14% used [0x00000006c1c00000,0x00000006c2b5a238,0x00000006c8400000)
 Metaspace       used 40830K, capacity 42316K, committed 42624K, reserved 1085440K
  class space    used 5424K, capacity 5697K, committed 5760K, reserved 1048576K
Event: 1224.308 GC heap after
Heap after GC invocations=9 (full 2):
 PSYoungGen      total 224256K, used 6368K [0x000000076b400000, 0x0000000783f00000, 0x00000007c0000000)
  eden space 208896K, 0% used [0x000000076b400000,0x000000076b400000,0x0000000778000000)
  from space 15360K, 41% used [0x0000000778000000,0x0000000778638000,0x0000000778f00000)
  to   space 14848K, 0% used [0x0000000783080000,0x0000000783080000,0x0000000783f00000)
 ParOldGen       total 106496K, used 15728K [0x00000006c1c00000, 0x00000006c8400000, 0x000000076b400000)
  object space 106496K, 14% used [0x00000006c1c00000,0x00000006c2b5c238,0x00000006c8400000)
 Metaspace       used 40830K, capacity 42316K, committed 42624K, reserved 1085440K
  class space    used 5424K, capacity 5697K, committed 5760K, reserved 1048576K
}

