# JRE version: Java(TM) SE Runtime Environment (8.0_121-b13) (build 1.8.0_121-b13)
# Java VM: Java HotSpot(TM) 64-Bit Server VM (25.121-b13 mixed mode windows-amd64 compressed oops)
Heap:
 PSYoungGen      total 118784K, used 3740K [0x000000076b400000, 0x0000000773580000, 0x00000007c0000000)
  eden space 109568K, 3% used [0x000000076b400000,0x000000076b7a71b8,0x0000000771f00000)
  from space 9216K, 0% used [0x0000000772c80000,0x0000000772c80000,0x0000000773580000)
  to   space 10752K, 0% used [0x0000000772080000,0x0000000772080000,0x0000000772b00000)
 ParOldGen       total 124416K, used 16318K [0x00000006c1c00000, 0x00000006c9580000, 0x000000076b400000)
  object space 124416K, 13% used [0x00000006c1c00000,0x00000006c2befbe8,0x00000006c9580000)
 Metaspace       used 34825K, capacity 35546K, committed 35840K, reserved 1081344K
  class space    used 4668K, capacity 4835K, committed 4864K, reserved 1048576K
GC Heap History (10 events):
Event: 1.643 GC heap before
{Heap before GC invocations=2 (full 0):
 PSYoungGen      total 76288K, used 17740K [0x000000076b400000, 0x0000000770900000, 0x00000007c0000000)
  eden space 65536K, 10% used [0x000000076b400000,0x000000076badae40,0x000000076f400000)
  from space 10752K, 99% used [0x000000076f400000,0x000000076fe782e0,0x000000076fe80000)
  to   space 10752K, 0% used [0x000000076fe80000,0x000000076fe80000,0x0000000770900000)
 ParOldGen       total 175104K, used 3136K [0x00000006c1c00000, 0x00000006cc700000, 0x000000076b400000)
  object space 175104K, 1% used [0x00000006c1c00000,0x00000006c1f103d0,0x00000006cc700000)
 Metaspace       used 20656K, capacity 21186K, committed 21248K, reserved 1067008K
  class space    used 2879K, capacity 3027K, committed 3072K, reserved 1048576K
Event: 1.648 GC heap after
Heap after GC invocations=2 (full 0):
 PSYoungGen      total 76288K, used 8838K [0x000000076b400000, 0x0000000774900000, 0x00000007c0000000)
  eden space 65536K, 0% used [0x000000076b400000,0x000000076b400000,0x000000076f400000)
  from space 10752K, 82% used [0x000000076fe80000,0x0000000770721bd8,0x0000000770900000)
  to   space 10752K, 0% used [0x000000076f400000,0x000000076f400000,0x000000076fe80000)
 ParOldGen       total 175104K, used 3144K [0x00000006c1c00000, 0x00000006cc700000, 0x000000076b400000)
  object space 175104K, 1% used [0x00000006c1c00000,0x00000006c1f123d0,0x00000006cc700000)
 Metaspace       used 20656K, capacity 21186K, committed 21248K, reserved 1067008K
  class space    used 2879K, capacity 3027K, committed 3072K, reserved 1048576K
}
Event: 1.648 GC heap before
{Heap before GC invocations=3 (full 1):
 PSYoungGen      total 76288K, used 8838K [0x000000076b400000, 0x0000000774900000, 0x00000007c0000000)
  eden space 65536K, 0% used [0x000000076b400000,0x000000076b400000,0x000000076f400000)
  from space 10752K, 82% used [0x000000076fe80000,0x0000000770721bd8,0x0000000770900000)
  to   space 10752K, 0% used [0x000000076f400000,0x000000076f400000,0x000000076fe80000)
 ParOldGen       total 175104K, used 3144K [0x00000006c1c00000, 0x00000006cc700000, 0x000000076b400000)
  object space 175104K, 1% used [0x00000006c1c00000,0x00000006c1f123d0,0x00000006cc700000)
 Metaspace       used 20656K, capacity 21186K, committed 21248K, reserved 1067008K
  class space    used 2879K, capacity 3027K, committed 3072K, reserved 1048576K
Event: 1.668 GC heap after
Heap after GC invocations=3 (full 1):
 PSYoungGen      total 76288K, used 0K [0x000000076b400000, 0x0000000774900000, 0x00000007c0000000)
  eden space 65536K, 0% used [0x000000076b400000,0x000000076b400000,0x000000076f400000)
  from space 10752K, 0% used [0x000000076fe80000,0x000000076fe80000,0x0000000770900000)
  to   space 10752K, 0% used [0x000000076f400000,0x000000076f400000,0x000000076fe80000)
 ParOldGen       total 93184K, used 9178K [0x00000006c1c00000, 0x00000006c7700000, 0x000000076b400000)
  object space 93184K, 9% used [0x00000006c1c00000,0x00000006c24f6948,0x00000006c7700000)
 Metaspace       used 20656K, capacity 21186K, committed 21248K, reserved 1067008K
  class space    used 2879K, capacity 3027K, committed 3072K, reserved 1048576K
}
Event: 5.453 GC heap before
{Heap before GC invocations=4 (full 1):
 PSYoungGen      total 76288K, used 65536K [0x000000076b400000, 0x0000000774900000, 0x00000007c0000000)
  eden space 65536K, 100% used [0x000000076b400000,0x000000076f400000,0x000000076f400000)
  from space 10752K, 0% used [0x000000076fe80000,0x000000076fe80000,0x0000000770900000)
  to   space 10752K, 0% used [0x000000076f400000,0x000000076f400000,0x000000076fe80000)
 ParOldGen       total 93184K, used 9178K [0x00000006c1c00000, 0x00000006c7700000, 0x000000076b400000)
  object space 93184K, 9% used [0x00000006c1c00000,0x00000006c24f6948,0x00000006c7700000)
 Metaspace       used 29719K, capacity 30388K, committed 30592K, reserved 1075200K
  class space    used 4031K, capacity 4178K, committed 4224K, reserved 1048576K
Event: 5.458 GC heap after
Heap after GC invocations=4 (full 1):
 PSYoungGen      total 76288K, used 9076K [0x000000076b400000, 0x0000000773700000, 0x00000007c0000000)
  eden space 65536K, 0% used [0x000000076b400000,0x000000076b400000,0x000000076f400000)
  from space 10752K, 84% used [0x000000076f400000,0x000000076fcdd3f8,0x000000076fe80000)
  to   space 10752K, 0% used [0x0000000772c80000,0x0000000772c80000,0x0000000773700000)
 ParOldGen       total 93184K, used 9186K [0x00000006c1c00000, 0x00000006c7700000, 0x000000076b400000)
  object space 93184K, 9% used [0x00000006c1c00000,0x00000006c24f8948,0x00000006c7700000)
 Metaspace       used 29719K, capacity 30388K, committed 30592K, reserved 1075200K
  class space    used 4031K, capacity 4178K, committed 4224K, reserved 1048576K
}
Event: 7.113 GC heap before
{Heap before GC invocations=5 (full 1):
 PSYoungGen      total 76288K, used 43521K [0x000000076b400000, 0x0000000773700000, 0x00000007c0000000)
  eden space 65536K, 52% used [0x000000076b400000,0x000000076d5a30f8,0x000000076f400000)
  from space 10752K, 84% used [0x000000076f400000,0x000000076fcdd3f8,0x000000076fe80000)
  to   space 10752K, 0% used [0x0000000772c80000,0x0000000772c80000,0x0000000773700000)
 ParOldGen       total 93184K, used 9186K [0x00000006c1c00000, 0x00000006c7700000, 0x000000076b400000)
  object space 93184K, 9% used [0x00000006c1c00000,0x00000006c24f8948,0x00000006c7700000)
 Metaspace       used 34528K, capacity 35166K, committed 35416K, reserved 1079296K
  class space    used 4625K, capacity 4761K, committed 4864K, reserved 1048576K
Event: 7.124 GC heap after
Heap after GC invocations=5 (full 1):
 PSYoungGen      total 118784K, used 8823K [0x000000076b400000, 0x0000000773580000, 0x00000007c0000000)
  eden space 109568K, 0% used [0x000000076b400000,0x000000076b400000,0x0000000771f00000)
  from space 9216K, 95% used [0x0000000772c80000,0x000000077351dd80,0x0000000773580000)
  to   space 10752K, 0% used [0x0000000772080000,0x0000000772080000,0x0000000772b00000)
 ParOldGen       total 93184K, used 9194K [0x00000006c1c00000, 0x00000006c7700000, 0x000000076b400000)
  object space 93184K, 9% used [0x00000006c1c00000,0x00000006c24fa948,0x00000006c7700000)
 Metaspace       used 34528K, capacity 35166K, committed 35416K, reserved 1079296K
  class space    used 4625K, capacity 4761K, committed 4864K, reserved 1048576K
}
Event: 7.124 GC heap before
{Heap before GC invocations=6 (full 2):
 PSYoungGen      total 118784K, used 8823K [0x000000076b400000, 0x0000000773580000, 0x00000007c0000000)
  eden space 109568K, 0% used [0x000000076b400000,0x000000076b400000,0x0000000771f00000)
  from space 9216K, 95% used [0x0000000772c80000,0x000000077351dd80,0x0000000773580000)
  to   space 10752K, 0% used [0x0000000772080000,0x0000000772080000,0x0000000772b00000)
 ParOldGen       total 93184K, used 9194K [0x00000006c1c00000, 0x00000006c7700000, 0x000000076b400000)
  object space 93184K, 9% used [0x00000006c1c00000,0x00000006c24fa948,0x00000006c7700000)
 Metaspace       used 34528K, capacity 35166K, committed 35416K, reserved 1079296K
  class space    used 4625K, capacity 4761K, committed 4864K, reserved 1048576K
Event: 7.175 GC heap after
Heap after GC invocations=6 (full 2):
 PSYoungGen      total 118784K, used 0K [0x000000076b400000, 0x0000000773580000, 0x00000007c0000000)
  eden space 109568K, 0% used [0x000000076b400000,0x000000076b400000,0x0000000771f00000)
  from space 9216K, 0% used [0x0000000772c80000,0x0000000772c80000,0x0000000773580000)
  to   space 10752K, 0% used [0x0000000772080000,0x0000000772080000,0x0000000772b00000)
 ParOldGen       total 124416K, used 16318K [0x00000006c1c00000, 0x00000006c9580000, 0x000000076b400000)
  object space 124416K, 13% used [0x00000006c1c00000,0x00000006c2befbe8,0x00000006c9580000)
 Metaspace       used 34528K, capacity 35166K, committed 35416K, reserved 1079296K
  class space    used 4625K, capacity 4761K, committed 4864K, reserved 1048576K
}

